#
# There is insufficient memory for the Java Runtime Environment to continue.
# Native memory allocation (malloc) failed to allocate 1048576 bytes for AllocateHeap
# Possible reasons:
#   The system is out of physical RAM or swap space
#   In 32 bit mode, the process size limit was hit
# Possible solutions:
#   Reduce memory load on the system
#   Increase physical memory or swap space
#   Check if swap backing store is full
#   Use 64 bit Java on a 64 bit OS
#   Decrease Java heap size (-Xmx/-Xms)
#   Decrease number of Java threads
#   Decrease Java thread stack sizes (-Xss)
#   Set larger code cache with -XX:ReservedCodeCacheSize=
# This output file may be truncated or incomplete.
#
#  Out of Memory Error (memory/allocation.inline.hpp:61), pid=5320, tid=0x0000000000000b60
#
# JRE version:  (8.0_162-b12) (build )
# Java VM: Java HotSpot(TM) 64-Bit Server VM (25.162-b12 mixed mode windows-amd64 compressed oops)
# Failed to write core dump. Minidumps are not enabled by default on client versions of Windows
#

---------------  T H R E A D  ---------------

Current thread (0x0000000002e73800):  JavaThread "Unknown thread" [_thread_in_vm, id=2912, stack(0x0000000002bd0000,0x0000000002cd0000)]

Stack: [0x0000000002bd0000,0x0000000002cd0000]
[error occurred during error reporting (printing stack bounds), id 0xc0000005]

Native frames: (J=compiled Java code, j=interpreted, Vv=VM code, C=native code)


---------------  P R O C E S S  ---------------

Java Threads: ( => current thread )

Other Threads:

=>0x0000000002e73800 (exited) JavaThread "Unknown thread" [_thread_in_vm, id=2912, stack(0x0000000002bd0000,0x0000000002cd0000)]

VM state:not at safepoint (normal execution)

VM Mutex/Monitor currently owned by a thread: None

Heap:
 PSYoungGen      total 37888K, used 655K [0x00000000d6100000, 0x00000000d8b00000, 0x0000000100000000)
  eden space 32768K, 2% used [0x00000000d6100000,0x00000000d61a3d80,0x00000000d8100000)
  from space 5120K, 0% used [0x00000000d8600000,0x00000000d8600000,0x00000000d8b00000)
  to   space 5120K, 0% used [0x00000000d8100000,0x00000000d8100000,0x00000000d8600000)
 ParOldGen       total 86016K, used 0K [0x0000000082200000, 0x0000000087600000, 0x00000000d6100000)
  object space 86016K, 0% used [0x0000000082200000,0x0000000082200000,0x0000000087600000)
 Metaspace       used 770K, capacity 4480K, committed 4480K, reserved 1056768K
  class space    used 75K, capacity 384K, committed 384K, reserved 1048576K

Card table byte_map: [0x0000000012330000,0x0000000012720000] byte_map_base: 0x0000000011f1f000

Marking Bits: (ParMarkBitMap*) 0x00000000608c0860
 Begin Bits: [0x00000000131c0000, 0x0000000015138000)
 End Bits:   [0x0000000015138000, 0x00000000170b0000)

Polling page: 0x0000000002810000

CodeCache: size=245760Kb used=328Kb max_used=328Kb free=245431Kb
 bounds [0x0000000002f70000, 0x00000000031e0000, 0x0000000011f70000]
 total_blobs=58 nmethods=0 adapters=38
 compilation: enabled

Compilation events (0 events):
No events

GC Heap History (0 events):
No events

Deoptimization events (0 events):
No events

Classes redefined (0 events):
No events

Internal exceptions (0 events):
No events

Events (10 events):
Event: 0.030 loading class java/lang/Short
Event: 0.030 loading class java/lang/Short done
Event: 0.030 loading class java/lang/Integer
Event: 0.030 loading class java/lang/Integer done
Event: 0.030 loading class java/lang/Long
Event: 0.030 loading class java/lang/Long done
Event: 0.031 loading class java/lang/NullPointerException
Event: 0.031 loading class java/lang/NullPointerException done
Event: 0.031 loading class java/lang/ArithmeticException
Event: 0.031 loading class java/lang/ArithmeticException done


Dynamic libraries:
0x00007ff6f1390000 - 0x00007ff6f13c7000 	E:\Program Files\Java\jdk\bin\java.exe
0x00007ffb56180000 - 0x00007ffb56361000 	C:\WINDOWS\SYSTEM32\ntdll.dll
0x00007ffb56000000 - 0x00007ffb560b1000 	C:\WINDOWS\System32\KERNEL32.DLL
0x00007ffb52a10000 - 0x00007ffb52c83000 	C:\WINDOWS\System32\KERNELBASE.dll
0x00007ffb537a0000 - 0x00007ffb53841000 	C:\WINDOWS\System32\ADVAPI32.dll
0x00007ffb53910000 - 0x00007ffb539ae000 	C:\WINDOWS\System32\msvcrt.dll
0x00007ffb560c0000 - 0x00007ffb5611b000 	C:\WINDOWS\System32\sechost.dll
0x00007ffb53670000 - 0x00007ffb53794000 	C:\WINDOWS\System32\RPCRT4.dll
0x00007ffb53d50000 - 0x00007ffb53ee0000 	C:\WINDOWS\System32\USER32.dll
0x00007ffb52cf0000 - 0x00007ffb52d10000 	C:\WINDOWS\System32\win32u.dll
0x00007ffb56120000 - 0x00007ffb56148000 	C:\WINDOWS\System32\GDI32.dll
0x00007ffb52d10000 - 0x00007ffb52ea1000 	C:\WINDOWS\System32\gdi32full.dll
0x00007ffb52550000 - 0x00007ffb525ef000 	C:\WINDOWS\System32\msvcp_win.dll
0x00007ffb525f0000 - 0x00007ffb526e8000 	C:\WINDOWS\System32\ucrtbase.dll
0x00007ffb3a6a0000 - 0x00007ffb3a909000 	C:\WINDOWS\WinSxS\amd64_microsoft.windows.common-controls_6595b64144ccf1df_6.0.17134.950_none_fb3da4273069d3e0\COMCTL32.dll
0x00007ffb539b0000 - 0x00007ffb53cd2000 	C:\WINDOWS\System32\combase.dll
0x00007ffb527a0000 - 0x00007ffb52819000 	C:\WINDOWS\System32\bcryptPrimitives.dll
0x00007ffb54870000 - 0x00007ffb5489d000 	C:\WINDOWS\System32\IMM32.DLL
0x0000000060940000 - 0x0000000060a11000 	E:\Program Files\Java\jdk\jre\bin\msvcr100.dll
0x00000000600a0000 - 0x0000000060940000 	E:\Program Files\Java\jdk\jre\bin\server\jvm.dll
0x00007ffb54040000 - 0x00007ffb54048000 	C:\WINDOWS\System32\PSAPI.DLL
0x00007ffb3d7a0000 - 0x00007ffb3d7a9000 	C:\WINDOWS\SYSTEM32\WSOCK32.dll
0x00007ffb4c8f0000 - 0x00007ffb4c8fa000 	C:\WINDOWS\SYSTEM32\VERSION.dll
0x00007ffb4eff0000 - 0x00007ffb4f013000 	C:\WINDOWS\SYSTEM32\WINMM.dll
0x00007ffb53ce0000 - 0x00007ffb53d4c000 	C:\WINDOWS\System32\WS2_32.dll
0x00007ffb4ee20000 - 0x00007ffb4ee4a000 	C:\WINDOWS\SYSTEM32\WINMMBASE.dll
0x00007ffb535c0000 - 0x00007ffb53609000 	C:\WINDOWS\System32\cfgmgr32.dll
0x0000000060090000 - 0x000000006009f000 	E:\Program Files\Java\jdk\jre\bin\verify.dll
0x0000000060060000 - 0x0000000060089000 	E:\Program Files\Java\jdk\jre\bin\java.dll
0x0000000060030000 - 0x0000000060053000 	E:\Program Files\Java\jdk\jre\bin\instrument.dll
0x0000000060010000 - 0x0000000060026000 	E:\Program Files\Java\jdk\jre\bin\zip.dll

VM Arguments:
jvm_args: -javaagent:E:\应用软件\IDEA\IntelliJ IDEA\lib\idea_rt.jar=8114:E:\应用软件\IDEA\IntelliJ IDEA\bin -Dfile.encoding=UTF-8 
java_command: MyFileHelper.MainThread
java_class_path (initial): E:\Program Files\Java\jdk\jre\lib\charsets.jar;E:\Program Files\Java\jdk\jre\lib\deploy.jar;E:\Program Files\Java\jdk\jre\lib\ext\access-bridge-64.jar;E:\Program Files\Java\jdk\jre\lib\ext\cldrdata.jar;E:\Program Files\Java\jdk\jre\lib\ext\dnsns.jar;E:\Program Files\Java\jdk\jre\lib\ext\jaccess.jar;E:\Program Files\Java\jdk\jre\lib\ext\jfxrt.jar;E:\Program Files\Java\jdk\jre\lib\ext\localedata.jar;E:\Program Files\Java\jdk\jre\lib\ext\nashorn.jar;E:\Program Files\Java\jdk\jre\lib\ext\sunec.jar;E:\Program Files\Java\jdk\jre\lib\ext\sunjce_provider.jar;E:\Program Files\Java\jdk\jre\lib\ext\sunmscapi.jar;E:\Program Files\Java\jdk\jre\lib\ext\sunpkcs11.jar;E:\Program Files\Java\jdk\jre\lib\ext\zipfs.jar;E:\Program Files\Java\jdk\jre\lib\javaws.jar;E:\Program Files\Java\jdk\jre\lib\jce.jar;E:\Program Files\Java\jdk\jre\lib\jfr.jar;E:\Program Files\Java\jdk\jre\lib\jfxswt.jar;E:\Program Files\Java\jdk\jre\lib\jsse.jar;E:\Program Files\Java\jdk\jre\lib\management-agent.jar;E:\Program Files\Java\jdk\jre\lib\plugin.jar;E:\Program Files\Java\jdk\jre\lib\resources.jar;E:\Program Files\Java\jdk\jre\lib\rt.jar;D:\IDEA File\FIleReadAndWrite\out\production\FIleReadAndWrite;E:\应用软件\IDEA\IntelliJ IDEA\lib\idea_rt.jar
Launcher Type: SUN_STANDARD

Environment Variables:
JAVA_HOME=E:\Program Files\Java\jdk
CLASSPATH=.;E:\Program Files\Java\jdk\lib\dt.jar;E:\Program Files\Java\jdk\lib\tools.jar；E:\应用软件\Jmeter\apache-jmeter-4.0\lib\ext\ApacheJMeter_core.jar;E:\应用软件\Jmeter\apache-jmeter-4.0\lib\jorphan.jar;E:\应用软件\Jmeter\apache-jmeter-4.0\lib\logkit-1.2.jar; 
PATH=C:\Program Files (x86)\Common Files\Oracle\Java\javapath;C:\ProgramData\Oracle\Java\javapath;C:\Program Files (x86)\Intel\Intel(R) Management Engine Components\iCLS\;C:\Program Files\Intel\Intel(R) Management Engine Components\iCLS\;C:\Windows\system32;C:\Windows;C:\Windows\System32\Wbem;C:\Windows\System32\WindowsPowerShell\v1.0\;C:\Program Files (x86)\Intel\Intel(R) Management Engine Components\DAL;C:\Program Files\Intel\Intel(R) Management Engine Components\DAL;C:\Program Files (x86)\Intel\Intel(R) Management Engine Components\IPT;C:\Program Files\Intel\Intel(R) Management Engine Components\IPT;C:\Program Files (x86)\NVIDIA Corporation\PhysX\Common;C:\Program Files\Intel\WiFi\bin\;C:\Program Files\Common Files\Intel\WirelessCommon\;E:\应用软件\110\DTS\Binn\;E:\;用软件\110\Tools\Binn\;E:;应用软件\110\Tools\Binn\ManagementStudio\;C:\;rogram Files (x86)\Microsoft Visual Studio 10.0\Common7\IDE\PrivateAssemblies\;C:\Program Files\dotnet\;E:\应用软件\SQL 2012\130\Tools\Binn\;E:\Program Files\Java\jdk\bin;E:\Program Files\Java\jdk\jre\bin;C:\WINDOWS\system32;C:\WINDOWS;C:\WINDOWS\System32\Wbem;C:\WINDOWS\System32\WindowsPowerShell\v1.0\;C:\WINDOWS\System32\OpenSSH\;E:\应用软件\Jmeter\apache-jmeter-4.0\bin;C:\;rogram Files (x86)\MySQL\MySQL Fabric 1.5 & MySQL Utilities 1.5\;C:\Program Files (x86)\MySQL\MySQL Fabric 1.5 & MySQL Utilities 1.5\Doctrine extensions for PHP\;E:\辅助性软件\SVN 1.9\bin;E:\应用软件\IDEA\apache-maven-3.5.4\bin;C:\Program Files\Git\cmd;C:\Users\10975\AppData\Local\Microsoft\WindowsApps;C:\Users\10975\AppData\Local\Programs\Fiddler
USERNAME=10975
OS=Windows_NT
PROCESSOR_IDENTIFIER=Intel64 Family 6 Model 158 Stepping 10, GenuineIntel



---------------  S Y S T E M  ---------------

OS: Windows 10.0 , 64 bit Build 17134 (10.0.17134.753)

CPU:total 8 (initial active 8) (4 cores per cpu, 2 threads per core) family 6 model 158 stepping 10, cmov, cx8, fxsr, mmx, sse, sse2, sse3, ssse3, sse4.1, sse4.2, popcnt, avx, avx2, aes, clmul, erms, 3dnowpref, lzcnt, ht, tsc, tscinvbit, bmi1, bmi2, adx

Memory: 4k page, physical 8241464k(1915440k free), swap 17201460k(135856k free)

vm_info: Java HotSpot(TM) 64-Bit Server VM (25.162-b12) for windows-amd64 JRE (1.8.0_162-b12), built on Dec 19 2017 20:00:03 by "java_re" with MS VC++ 10.0 (VS2010)

time: Sun Dec 15 00:03:30 2019
elapsed time: 0 seconds (0d 0h 0m 0s)

